<?xml version="1.0" encoding="UTF-8"?>
<!-- Generated by org.testng.reporters.JUnitReportReporter -->
<testsuite hostname="DESKTOP-UI8NR6I" failures="0" tests="1" name="testScriptForTestCase.RegisterTest" time="6.042" errors="0" timestamp="26 Aug 2024 11:10:40 GMT" skipped="0">
  <testcase classname="testScriptForTestCase.RegisterTest" name="createAccountwithOnly2Char" time="6.042"/>
</testsuite> <!-- testScriptForTestCase.RegisterTest -->
